This is TeX, Version 3.14159 (Web2C 7.4.5) (format=latex 2004.3.25)  20 DEC 2004 22:51
**LaTeXML
(./LaTeXML.tex
LaTeX2e <2001/06/01>
Babel <v3.7h> and hyphenation patterns for american, french, german, ngerman, n
ohyphenation, loaded.
(/usr/share/texmf/tex/latex/base/article.cls
Document Class: article 2001/04/21 v1.4e Standard LaTeX document class
(/usr/share/texmf/tex/latex/base/size10.clo
File: size10.clo 2001/04/21 v1.4e Standard LaTeX file (size option)
)
\c@part=\count79
\c@section=\count80
\c@subsection=\count81
\c@subsubsection=\count82
\c@paragraph=\count83
\c@subparagraph=\count84
\c@figure=\count85
\c@table=\count86
\abovecaptionskip=\skip41
\belowcaptionskip=\skip42
\bibindent=\dimen102
) (./latexmldoc.sty (./latexml.sty) (/usr/share/texmf/tex/latex/html/url.sty
Package: url 1999/03/02  ver 1.4  Verb mode for urls, email addresses, and file
 names
)
(/usr/share/texmf/tex/latex/graphics/graphicx.sty
Package: graphicx 1999/02/16 v1.0f Enhanced LaTeX Graphics (DPC,SPQR)

(/usr/share/texmf/tex/latex/graphics/keyval.sty
Package: keyval 1999/03/16 v1.13 key=value parser (DPC)
\KV@toks@=\toks14
)
(/usr/share/texmf/tex/latex/graphics/graphics.sty
Package: graphics 2001/07/07 v1.0n Standard LaTeX Graphics (DPC,SPQR)

(/usr/share/texmf/tex/latex/graphics/trig.sty
Package: trig 1999/03/16 v1.09 sin cos tan (DPC)
)
(/usr/share/texmf/tex/latex/config/graphics.cfg
File: graphics.cfg 2001/08/31 v1.1 graphics configuration of teTeX/TeXLive
)
Package graphics Info: Driver file: dvips.def on input line 80.

(/usr/share/texmf/tex/latex/graphics/dvips.def
File: dvips.def 1999/02/16 v3.0i Driver-dependant file (DPC,SPQR)
))
\Gin@req@height=\dimen103
\Gin@req@width=\dimen104
)) (./LaTeXML.aux)
\openout1 = `LaTeXML.aux'.

LaTeX Font Info:    Checking defaults for OML/cmm/m/it on input line 42.
LaTeX Font Info:    ... okay on input line 42.
LaTeX Font Info:    Checking defaults for T1/cmr/m/n on input line 42.
LaTeX Font Info:    ... okay on input line 42.
LaTeX Font Info:    Checking defaults for OT1/cmr/m/n on input line 42.
LaTeX Font Info:    ... okay on input line 42.
LaTeX Font Info:    Checking defaults for OMS/cmsy/m/n on input line 42.
LaTeX Font Info:    ... okay on input line 42.
LaTeX Font Info:    Checking defaults for OMX/cmex/m/n on input line 42.
LaTeX Font Info:    ... okay on input line 42.
LaTeX Font Info:    Checking defaults for U/cmr/m/n on input line 42.
LaTeX Font Info:    ... okay on input line 42.
LaTeX Font Info:    External font `cmex10' loaded for size
(Font)              <17.28> on input line 43.
LaTeX Font Info:    External font `cmex10' loaded for size
(Font)              <12> on input line 43.
LaTeX Font Info:    External font `cmex10' loaded for size
(Font)              <8> on input line 43.
LaTeX Font Info:    External font `cmex10' loaded for size
(Font)              <6> on input line 43.
LaTeX Font Info:    External font `cmex10' loaded for size
(Font)              <7> on input line 45.
LaTeX Font Info:    External font `cmex10' loaded for size
(Font)              <5> on input line 45.
LaTeX Font Info:    Try loading font information for OMS+cmr on input line 58.

(/usr/share/texmf/tex/latex/base/omscmr.fd
File: omscmr.fd 1999/05/25 v2.5h Standard LaTeX font definitions
)
LaTeX Font Info:    Font shape `OMS/cmr/m/n' in size <10> not available
(Font)              Font shape `OMS/cmsy/m/n' tried instead on input line 58.
 [1

]
LaTeX Font Info:    External font `cmex10' loaded for size
(Font)              <14.4> on input line 89.
LaTeX Font Info:    Font shape `OT1/cmtt/bx/n' in size <10> not available
(Font)              Font shape `OT1/cmtt/m/n' tried instead on input line 97.
LaTeX Font Info:    Font shape `OT1/cmtt/bx/it' in size <10> not available
(Font)              Font shape `OT1/cmtt/m/it' tried instead on input line 132.

 [2]
File: dataflow.eps Graphic file (type eps)
 <dataflow.eps> [3] [4]
Overfull \hbox (30.72182pt too wide) in paragraph at lines 243--248
[]\OT1/cmr/m/n/10 Additional ex-cep-tions that need fuller ex-pla-na-tion are: 
(1) \OT1/cmtt/m/n/10 LaTeXML::Constructor\OT1/cmr/m/n/10 s
 []

[5]
Overfull \hbox (35.23996pt too wide) in paragraph at lines 283--288
\OT1/cmr/m/n/10 car-ries out the di-ges-tion of to-kens. The top-level method \
OT1/cmtt/m/n/10 ->readAndDigestFile($file)
 []


Overfull \hbox (20.5535pt too wide) in paragraph at lines 297--299
[]\OT1/cmr/m/n/10 A plain char-ac-ter is sim-ply con-verted to a \OT1/cmtt/m/n/
10 LaTeXML::Box\OT1/cmr/m/n/10 (or \OT1/cmtt/m/n/10 LaTeXML::MathBox
 []

[6]
Overfull \hbox (67.5187pt too wide) in paragraph at lines 311--316
 \OT1/cmtt/m/n/10 LaTeXML::Box\OT1/cmr/bx/n/10 , \OT1/cmtt/m/n/10 LaTeXML::Math
Box\OT1/cmr/bx/n/10 , \OT1/cmtt/m/n/10 LaTeXML::List\OT1/cmr/bx/n/10 , \OT1/cmt
t/m/n/10 LaTeXML::MathList\OT1/cmr/bx/n/10 , \OT1/cmtt/m/n/10 LaTeXML::Whatsit[
]
 []


Overfull \hbox (68.5586pt too wide) in paragraph at lines 317--321
 \OT1/cmtt/m/n/10 LaTeXML::Primitive\OT1/cmr/bx/n/10 , \OT1/cmtt/m/n/10 LaTeXML
::Constructor[] \OT1/cmr/m/n/10 These sub-classes of \OT1/cmtt/m/n/10 LaTeXML::
Definition\OT1/cmr/m/n/10 are
 []

[7]
Overfull \hbox (0.37343pt too wide) in paragraph at lines 390--391
[]\OT1/cmr/m/n/10 : A def-i-ni-tion ex-pand-able in the Gul-let, (eg. a
 []


Overfull \hbox (2.02737pt too wide) in paragraph at lines 391--392
[]\OT1/cmr/m/n/10 : Def-i-ni-tion for prim-i-tives, car-ried out in Stom-
 []


Overfull \hbox (0.60971pt too wide) in paragraph at lines 400--401
[]\OT1/cmr/m/n/10 : A def-i-ni-tion's pa-ram-e-ter, in-clud-ing type, op-tional
,
 []

[8] [9] (./LaTeXML.aux)

LaTeX Warning: Label(s) may have changed. Rerun to get cross-references right.

 ) 
Here is how much of TeX's memory you used:
 707 strings out of 95847
 8117 string characters out of 1193874
 56764 words of memory out of 1000001
 3670 multiletter control sequences out of 10000+50000
 11584 words of font info for 41 fonts, out of 500000 for 1000
 14 hyphenation exceptions out of 1000
 32i,9n,21p,255b,429s stack positions out of 1500i,500n,5000p,200000b,5000s

Output written on LaTeXML.dvi (9 pages, 29088 bytes).
